
The following files have been resolved:
   com.force.sdk:force-connector:jar:22.0.8-BETA:compile
   com.fasterxml.jackson.core:jackson-databind:jar:2.5.1:compile
   org.springframework:spring-tx:jar:4.2.5.RELEASE:compile
   log4j:log4j:jar:1.2.17:compile
   aopalliance:aopalliance:jar:1.0:compile
   org.postgresql:postgresql:jar:9.4-1201-jdbc4:compile
   xml-apis:xml-apis:jar:1.0.b2:compile
   antlr:antlr:jar:2.7.7:compile
   javax.servlet:jstl:jar:1.2:compile
   com.google.code.gson:gson:jar:1.7.1:compile
   org.springframework:spring-core:jar:4.2.5.RELEASE:compile
   org.apache.httpcomponents:httpclient:jar:4.5.2:compile
   com.force.api:force-wsc:jar:22.0.0:compile
   com.force.api:force-partner-api:jar:22.0.0:compile
   org.springframework:spring-orm:jar:4.2.5.RELEASE:compile
   com.force.api:force-metadata-api:jar:22.0.0:compile
   org.springframework:spring-web:jar:4.2.5.RELEASE:compile
   com.fasterxml.jackson.core:jackson-core:jar:2.5.1:compile
   commons-codec:commons-codec:jar:1.9:compile
   commons-logging:commons-logging:jar:1.2:compile
   org.quartz-scheduler:quartz-jobs:jar:2.2.3:compile
   org.json:json:jar:20160212:compile
   dom4j:dom4j:jar:1.6.1:compile
   com.fasterxml.jackson.core:jackson-annotations:jar:2.5.0:compile
   org.springframework:spring-webmvc:jar:4.2.5.RELEASE:compile
   org.quartz-scheduler:quartz:jar:2.2.3:compile
   org.springframework:spring-expression:jar:4.2.5.RELEASE:compile
   c3p0:c3p0:jar:0.9.1.1:compile
   org.springframework:spring-aop:jar:4.2.5.RELEASE:compile
   org.hibernate:hibernate-core:jar:4.3.11.Final:compile
   org.springframework:spring-beans:jar:4.2.5.RELEASE:compile
   org.hibernate.javax.persistence:hibernate-jpa-2.1-api:jar:1.0.0.Final:compile
   org.jboss:jandex:jar:1.1.0.Final:compile
   org.jboss.logging:jboss-logging:jar:3.1.3.GA:compile
   rhino:js:jar:1.7R2:compile
   com.googlecode.json-simple:json-simple:jar:1.1:compile
   org.hibernate:hibernate-entitymanager:jar:4.3.11.Final:compile
   org.javassist:javassist:jar:3.18.1-GA:compile
   com.force.sdk:force-oauth:jar:22.0.8-BETA:compile
   commons-dbcp:commons-dbcp:jar:1.2.2:compile
   org.hibernate.common:hibernate-commons-annotations:jar:4.0.5.Final:compile
   commons-pool:commons-pool:jar:1.3:compile
   javax.servlet:javax.servlet-api:jar:3.1.0:compile
   org.jboss.logging:jboss-logging-annotations:jar:1.2.0.Beta1:compile
   org.springframework:spring-jdbc:jar:4.2.5.RELEASE:compile
   javax.servlet:servlet-api:jar:2.5:compile
   org.jboss.spec.javax.transaction:jboss-transaction-api_1.2_spec:jar:1.0.0.Final:compile
   com.force.api:force-rest-api:jar:0.0.23:compile
   org.springframework:spring-context:jar:4.2.5.RELEASE:compile
   org.slf4j:slf4j-api:jar:1.7.7:compile
   org.apache.httpcomponents:httpcore:jar:4.4.4:compile
   commons-httpclient:commons-httpclient:jar:3.1:compile

